2022-01-08 11:10:11.767  INFO 7084 --- [restartedMain] com.lt.crs.CrsDevAppRestApplication      : Starting CrsDevAppRestApplication using Java 17 on LAPTOP-ELNHNAGH with PID 7084 (D:\sts-workspace\CRS-DEV-APP-REST\target\classes started by saiku in D:\sts-workspace\CRS-DEV-APP-REST)
2022-01-08 11:10:11.767  INFO 7084 --- [restartedMain] com.lt.crs.CrsDevAppRestApplication      : No active profile set, falling back to default profiles: default
2022-01-08 11:10:11.820  INFO 7084 --- [restartedMain] .e.DevToolsPropertyDefaultsPostProcessor : Devtools property defaults active! Set 'spring.devtools.add-properties' to 'false' to disable
2022-01-08 11:10:11.820  INFO 7084 --- [restartedMain] .e.DevToolsPropertyDefaultsPostProcessor : For additional web related logging consider setting the 'logging.level.web' property to 'DEBUG'
2022-01-08 11:10:12.344  INFO 7084 --- [restartedMain] .s.d.r.c.RepositoryConfigurationDelegate : Bootstrapping Spring Data JPA repositories in DEFAULT mode.
2022-01-08 11:10:12.408  INFO 7084 --- [restartedMain] .s.d.r.c.RepositoryConfigurationDelegate : Finished Spring Data repository scanning in 55 ms. Found 8 JPA repository interfaces.
2022-01-08 11:10:12.881  INFO 7084 --- [restartedMain] o.s.b.w.embedded.tomcat.TomcatWebServer  : Tomcat initialized with port(s): 1234 (http)
2022-01-08 11:10:12.889  INFO 7084 --- [restartedMain] o.apache.catalina.core.StandardService   : Starting service [Tomcat]
2022-01-08 11:10:12.890  INFO 7084 --- [restartedMain] org.apache.catalina.core.StandardEngine  : Starting Servlet engine: [Apache Tomcat/9.0.56]
2022-01-08 11:10:12.954  INFO 7084 --- [restartedMain] o.a.c.c.C.[Tomcat].[localhost].[/]       : Initializing Spring embedded WebApplicationContext
2022-01-08 11:10:12.954  INFO 7084 --- [restartedMain] w.s.c.ServletWebServerApplicationContext : Root WebApplicationContext: initialization completed in 1133 ms
2022-01-08 11:10:13.129  INFO 7084 --- [restartedMain] o.hibernate.jpa.internal.util.LogHelper  : HHH000204: Processing PersistenceUnitInfo [name: default]
2022-01-08 11:10:13.179  INFO 7084 --- [restartedMain] org.hibernate.Version                    : HHH000412: Hibernate ORM core version 5.6.3.Final
2022-01-08 11:10:13.334  INFO 7084 --- [restartedMain] o.hibernate.annotations.common.Version   : HCANN000001: Hibernate Commons Annotations {5.1.2.Final}
2022-01-08 11:10:13.413  INFO 7084 --- [restartedMain] com.zaxxer.hikari.HikariDataSource       : HikariPool-1 - Starting...
2022-01-08 11:10:13.672  INFO 7084 --- [restartedMain] com.zaxxer.hikari.HikariDataSource       : HikariPool-1 - Start completed.
2022-01-08 11:10:13.697  INFO 7084 --- [restartedMain] org.hibernate.dialect.Dialect            : HHH000400: Using dialect: org.hibernate.dialect.MySQL8Dialect
2022-01-08 11:10:14.275  INFO 7084 --- [restartedMain] o.h.e.t.j.p.i.JtaPlatformInitiator       : HHH000490: Using JtaPlatform implementation: [org.hibernate.engine.transaction.jta.platform.internal.NoJtaPlatform]
2022-01-08 11:10:14.281  INFO 7084 --- [restartedMain] j.LocalContainerEntityManagerFactoryBean : Initialized JPA EntityManagerFactory for persistence unit 'default'
2022-01-08 11:10:14.709  WARN 7084 --- [restartedMain] JpaBaseConfiguration$JpaWebConfiguration : spring.jpa.open-in-view is enabled by default. Therefore, database queries may be performed during view rendering. Explicitly configure spring.jpa.open-in-view to disable this warning
2022-01-08 11:10:14.930  INFO 7084 --- [restartedMain] o.s.b.d.a.OptionalLiveReloadServer       : LiveReload server is running on port 35729
2022-01-08 11:10:14.961  INFO 7084 --- [restartedMain] o.s.b.w.embedded.tomcat.TomcatWebServer  : Tomcat started on port(s): 1234 (http) with context path ''
2022-01-08 11:10:14.970  INFO 7084 --- [restartedMain] com.lt.crs.CrsDevAppRestApplication      : Started CrsDevAppRestApplication in 3.552 seconds (JVM running for 4.166)
2022-01-08 11:15:16.836  INFO 7084 --- [Thread-5] j.LocalContainerEntityManagerFactoryBean : Closing JPA EntityManagerFactory for persistence unit 'default'
2022-01-08 11:15:16.839  INFO 7084 --- [Thread-5] com.zaxxer.hikari.HikariDataSource       : HikariPool-1 - Shutdown initiated...
2022-01-08 11:15:16.846  INFO 7084 --- [Thread-5] com.zaxxer.hikari.HikariDataSource       : HikariPool-1 - Shutdown completed.
